
67. Printing statistics.

=== top_hardened ===

   Number of wires:              12791
   Number of wire bits:          12949
   Number of public wires:        1058
   Number of public wire bits:    1216
   Number of memories:               0
   Number of memory bits:            0
   Number of processes:              0
   Number of cells:              12912
     sky130_fd_sc_hd__a2111o_2       4
     sky130_fd_sc_hd__a211o_2       57
     sky130_fd_sc_hd__a211oi_2      36
     sky130_fd_sc_hd__a21bo_2      154
     sky130_fd_sc_hd__a21boi_2      82
     sky130_fd_sc_hd__a21o_2       551
     sky130_fd_sc_hd__a21oi_2      473
     sky130_fd_sc_hd__a221oi_2       2
     sky130_fd_sc_hd__a22o_2       338
     sky130_fd_sc_hd__a22oi_2       72
     sky130_fd_sc_hd__a2bb2o_2      42
     sky130_fd_sc_hd__a31o_2       118
     sky130_fd_sc_hd__a31oi_2       21
     sky130_fd_sc_hd__a32o_2        40
     sky130_fd_sc_hd__a32oi_2        5
     sky130_fd_sc_hd__a41o_2         4
     sky130_fd_sc_hd__and2_2       528
     sky130_fd_sc_hd__and2b_2      208
     sky130_fd_sc_hd__and3_2       330
     sky130_fd_sc_hd__and3b_2        4
     sky130_fd_sc_hd__and4_2        90
     sky130_fd_sc_hd__and4b_2       27
     sky130_fd_sc_hd__and4bb_2      11
     sky130_fd_sc_hd__buf_1        838
     sky130_fd_sc_hd__dfxtp_2     1178
     sky130_fd_sc_hd__inv_2        143
     sky130_fd_sc_hd__mux2_1         1
     sky130_fd_sc_hd__mux2_2        73
     sky130_fd_sc_hd__nand2_2      962
     sky130_fd_sc_hd__nand2b_2       3
     sky130_fd_sc_hd__nand3_2      219
     sky130_fd_sc_hd__nand3b_2       9
     sky130_fd_sc_hd__nand4_2      189
     sky130_fd_sc_hd__nand4b_2       1
     sky130_fd_sc_hd__nor2_2       731
     sky130_fd_sc_hd__nor2b_2        2
     sky130_fd_sc_hd__nor3_2        40
     sky130_fd_sc_hd__nor3b_2       11
     sky130_fd_sc_hd__nor4_2         7
     sky130_fd_sc_hd__o211a_2      973
     sky130_fd_sc_hd__o211ai_2      44
     sky130_fd_sc_hd__o21a_2       259
     sky130_fd_sc_hd__o21ai_2      202
     sky130_fd_sc_hd__o21ba_2      108
     sky130_fd_sc_hd__o21bai_2      41
     sky130_fd_sc_hd__o221a_2       67
     sky130_fd_sc_hd__o22a_2        10
     sky130_fd_sc_hd__o22ai_2        5
     sky130_fd_sc_hd__o2bb2a_2      50
     sky130_fd_sc_hd__o2bb2ai_2      2
     sky130_fd_sc_hd__o311a_2       11
     sky130_fd_sc_hd__o311ai_2       1
     sky130_fd_sc_hd__o31a_2        22
     sky130_fd_sc_hd__o31ai_2       11
     sky130_fd_sc_hd__o32a_2         7
     sky130_fd_sc_hd__o32ai_2        4
     sky130_fd_sc_hd__o41a_2         1
     sky130_fd_sc_hd__or2_2       1203
     sky130_fd_sc_hd__or2b_2       300
     sky130_fd_sc_hd__or3_2         85
     sky130_fd_sc_hd__or3b_2        24
     sky130_fd_sc_hd__or4_2         13
     sky130_fd_sc_hd__or4b_2        19
     sky130_fd_sc_hd__or4bb_2        1
     sky130_fd_sc_hd__xnor2_2     1249
     sky130_fd_sc_hd__xor2_2       596

   Chip area for module '\top_hardened': 133679.459200

