
===========================================================================
report_checks -unconstrained
===========================================================================
======================= Fastest Corner ===================================

Startpoint: load_weight (input port clocked by clk)
Endpoint: _23784_ (rising edge-triggered flip-flop clocked by clk)
Path Group: clk
Path Type: max
Corner: Fastest

Fanout     Cap    Slew   Delay    Time   Description
-----------------------------------------------------------------------------
                          0.00    0.00   clock clk (rise edge)
                          0.00    0.00   clock network delay (propagated)
                          2.00    2.00 ^ input external delay
                  0.04    0.03    2.03 ^ load_weight (in)
     1    0.01                           load_weight (net)
                  0.04    0.00    2.03 ^ input34/A (sky130_fd_sc_hd__buf_12)
                  0.05    0.08    2.11 ^ input34/X (sky130_fd_sc_hd__buf_12)
     4    0.04                           net34 (net)
                  0.05    0.01    2.12 ^ _12438_/A (sky130_fd_sc_hd__buf_8)
                  0.05    0.08    2.20 ^ _12438_/X (sky130_fd_sc_hd__buf_8)
     6    0.03                           _05265_ (net)
                  0.05    0.00    2.20 ^ rebuffer4/A (sky130_fd_sc_hd__clkbuf_2)
                  0.07    0.10    2.31 ^ rebuffer4/X (sky130_fd_sc_hd__clkbuf_2)
     2    0.02                           net186 (net)
                  0.07    0.00    2.31 ^ _12439_/A (sky130_fd_sc_hd__buf_6)
                  0.04    0.08    2.39 ^ _12439_/X (sky130_fd_sc_hd__buf_6)
     3    0.02                           _05266_ (net)
                  0.04    0.00    2.39 ^ rebuffer29/A (sky130_fd_sc_hd__buf_4)
                  0.11    0.14    2.53 ^ rebuffer29/X (sky130_fd_sc_hd__buf_4)
     7    0.05                           net211 (net)
                  0.12    0.00    2.54 ^ rebuffer31/A (sky130_fd_sc_hd__buf_1)
                  0.15    0.15    2.68 ^ rebuffer31/X (sky130_fd_sc_hd__buf_1)
     2    0.02                           net213 (net)
                  0.15    0.00    2.69 ^ _12457_/S (sky130_fd_sc_hd__mux2_4)
                  0.07    0.24    2.93 v _12457_/X (sky130_fd_sc_hd__mux2_4)
     7    0.03                           _05282_ (net)
                  0.07    0.00    2.93 v _12458_/A (sky130_fd_sc_hd__buf_2)
                  0.07    0.15    3.08 v _12458_/X (sky130_fd_sc_hd__buf_2)
    10    0.04                           _05283_ (net)
                  0.07    0.00    3.08 v _12570_/A2 (sky130_fd_sc_hd__a31o_1)
                  0.05    0.18    3.25 v _12570_/X (sky130_fd_sc_hd__a31o_1)
     2    0.01                           _05384_ (net)
                  0.05    0.00    3.25 v _12574_/A (sky130_fd_sc_hd__xor2_1)
                  0.06    0.13    3.38 v _12574_/X (sky130_fd_sc_hd__xor2_1)
     2    0.01                           _05388_ (net)
                  0.06    0.00    3.38 v _12575_/B (sky130_fd_sc_hd__xnor2_1)
                  0.21    0.20    3.58 ^ _12575_/Y (sky130_fd_sc_hd__xnor2_1)
     2    0.01                           _05389_ (net)
                  0.21    0.00    3.58 ^ _12576_/B (sky130_fd_sc_hd__xor2_1)
                  0.14    0.15    3.73 ^ _12576_/X (sky130_fd_sc_hd__xor2_1)
     2    0.01                           _05390_ (net)
                  0.14    0.00    3.73 ^ _12577_/B (sky130_fd_sc_hd__xor2_1)
                  0.14    0.15    3.88 ^ _12577_/X (sky130_fd_sc_hd__xor2_1)
     2    0.01                           _05391_ (net)
                  0.14    0.00    3.88 ^ _12580_/A (sky130_fd_sc_hd__xnor2_1)
                  0.16    0.12    3.99 ^ _12580_/Y (sky130_fd_sc_hd__xnor2_1)
     2    0.01                           _05394_ (net)
                  0.16    0.00    3.99 ^ _12583_/A (sky130_fd_sc_hd__xnor2_1)
                  0.05    0.06    4.06 v _12583_/Y (sky130_fd_sc_hd__xnor2_1)
     2    0.00                           _05397_ (net)
                  0.05    0.00    4.06 v _12584_/B (sky130_fd_sc_hd__or2_1)
                  0.07    0.17    4.23 v _12584_/X (sky130_fd_sc_hd__or2_1)
     3    0.01                           _05398_ (net)
                  0.07    0.00    4.23 v _12624_/A2 (sky130_fd_sc_hd__a211oi_2)
                  0.22    0.25    4.48 ^ _12624_/Y (sky130_fd_sc_hd__a211oi_2)
     3    0.01                           _05437_ (net)
                  0.22    0.00    4.48 ^ _12667_/A2 (sky130_fd_sc_hd__o211ai_2)
                  0.07    0.08    4.56 v _12667_/Y (sky130_fd_sc_hd__o211ai_2)
     3    0.01                           _05479_ (net)
                  0.07    0.00    4.56 v _12711_/A2 (sky130_fd_sc_hd__a211oi_2)
                  0.19    0.23    4.79 ^ _12711_/Y (sky130_fd_sc_hd__a211oi_2)
     3    0.01                           _05522_ (net)
                  0.19    0.00    4.79 ^ _12748_/A2 (sky130_fd_sc_hd__o211ai_2)
                  0.08    0.08    4.86 v _12748_/Y (sky130_fd_sc_hd__o211ai_2)
     3    0.01                           _05558_ (net)
                  0.08    0.00    4.86 v _12784_/A2 (sky130_fd_sc_hd__a211oi_2)
                  0.19    0.23    5.09 ^ _12784_/Y (sky130_fd_sc_hd__a211oi_2)
     3    0.01                           _05593_ (net)
                  0.19    0.00    5.09 ^ _12821_/A2 (sky130_fd_sc_hd__o21ai_2)
                  0.06    0.06    5.15 v _12821_/Y (sky130_fd_sc_hd__o21ai_2)
     3    0.01                           _05629_ (net)
                  0.06    0.00    5.15 v _12860_/A2 (sky130_fd_sc_hd__a21oi_2)
                  0.11    0.14    5.29 ^ _12860_/Y (sky130_fd_sc_hd__a21oi_2)
     3    0.01                           _05667_ (net)
                  0.11    0.00    5.29 ^ _12889_/A2 (sky130_fd_sc_hd__o21ai_1)
                  0.07    0.07    5.36 v _12889_/Y (sky130_fd_sc_hd__o21ai_1)
     3    0.01                           _05695_ (net)
                  0.07    0.00    5.36 v _12913_/B (sky130_fd_sc_hd__and3_1)
                  0.03    0.12    5.49 v _12913_/X (sky130_fd_sc_hd__and3_1)
     1    0.00                           _05718_ (net)
                  0.03    0.00    5.49 v _12915_/A (sky130_fd_sc_hd__or3b_1)
                  0.05    0.23    5.72 v _12915_/X (sky130_fd_sc_hd__or3b_1)
     1    0.01                           _05720_ (net)
                  0.05    0.00    5.72 v _12916_/A2 (sky130_fd_sc_hd__a21oi_1)
                  0.07    0.10    5.82 ^ _12916_/Y (sky130_fd_sc_hd__a21oi_1)
     1    0.00                           _00317_ (net)
                  0.07    0.00    5.82 ^ _23784_/D (sky130_fd_sc_hd__dfxtp_1)
                                  5.82   data arrival time

                         10.00   10.00   clock clk (rise edge)
                          0.00   10.00   clock source latency
                  0.31    0.21   10.21 ^ clk (in)
     2    0.09                           clk (net)
                  0.31    0.00   10.21 ^ clkbuf_0_clk/A (sky130_fd_sc_hd__clkbuf_16)
                  0.12    0.19   10.40 ^ clkbuf_0_clk/X (sky130_fd_sc_hd__clkbuf_16)
     4    0.14                           clknet_0_clk (net)
                  0.12    0.00   10.40 ^ clkbuf_2_3_0_clk/A (sky130_fd_sc_hd__clkbuf_8)
                  0.12    0.16   10.56 ^ clkbuf_2_3_0_clk/X (sky130_fd_sc_hd__clkbuf_8)
     4    0.09                           clknet_2_3_0_clk (net)
                  0.12    0.00   10.57 ^ clkbuf_4_15__f_clk/A (sky130_fd_sc_hd__clkbuf_16)
                  0.09    0.15   10.71 ^ clkbuf_4_15__f_clk/X (sky130_fd_sc_hd__clkbuf_16)
     8    0.11                           clknet_4_15__leaf_clk (net)
                  0.09    0.00   10.72 ^ clkbuf_leaf_65_clk/A (sky130_fd_sc_hd__clkbuf_16)
                  0.03    0.10   10.81 ^ clkbuf_leaf_65_clk/X (sky130_fd_sc_hd__clkbuf_16)
     7    0.02                           clknet_leaf_65_clk (net)
                  0.03    0.00   10.81 ^ _23784_/CLK (sky130_fd_sc_hd__dfxtp_1)
                         -0.25   10.56   clock uncertainty
                          0.00   10.56   clock reconvergence pessimism
                         -0.03   10.53   library setup time
                                 10.53   data required time
-----------------------------------------------------------------------------
                                 10.53   data required time
                                 -5.82   data arrival time
-----------------------------------------------------------------------------
                                  4.71   slack (MET)



======================= Slowest Corner ===================================

Startpoint: _24236_ (rising edge-triggered flip-flop clocked by clk)
Endpoint: _24272_ (rising edge-triggered flip-flop clocked by clk)
Path Group: clk
Path Type: max
Corner: Slowest

Fanout     Cap    Slew   Delay    Time   Description
-----------------------------------------------------------------------------
                          0.00    0.00   clock clk (rise edge)
                          0.00    0.00   clock source latency
                  0.66    0.49    0.49 ^ clk (in)
     2    0.09                           clk (net)
                  0.66    0.00    0.49 ^ clkbuf_0_clk/A (sky130_fd_sc_hd__clkbuf_16)
                  0.24    0.64    1.13 ^ clkbuf_0_clk/X (sky130_fd_sc_hd__clkbuf_16)
     4    0.14                           clknet_0_clk (net)
                  0.24    0.00    1.13 ^ clkbuf_2_0_0_clk/A (sky130_fd_sc_hd__clkbuf_8)
                  0.25    0.47    1.60 ^ clkbuf_2_0_0_clk/X (sky130_fd_sc_hd__clkbuf_8)
     4    0.09                           clknet_2_0_0_clk (net)
                  0.25    0.00    1.60 ^ clkbuf_4_3__f_clk/A (sky130_fd_sc_hd__clkbuf_16)
                  0.26    0.48    2.09 ^ clkbuf_4_3__f_clk/X (sky130_fd_sc_hd__clkbuf_16)
    11    0.16                           clknet_4_3__leaf_clk (net)
                  0.26    0.00    2.09 ^ clkbuf_leaf_113_clk/A (sky130_fd_sc_hd__clkbuf_16)
                  0.09    0.34    2.44 ^ clkbuf_leaf_113_clk/X (sky130_fd_sc_hd__clkbuf_16)
    12    0.04                           clknet_leaf_113_clk (net)
                  0.09    0.00    2.44 ^ _24236_/CLK (sky130_fd_sc_hd__dfxtp_4)
                  0.24    0.89    3.32 ^ _24236_/Q (sky130_fd_sc_hd__dfxtp_4)
    10    0.05                           top_inst.grid_inst.rows[3].cols[1].pe_inst.weight_reg[3] (net)
                  0.24    0.00    3.32 ^ _20215_/A (sky130_fd_sc_hd__buf_4)
                  0.22    0.41    3.74 ^ _20215_/X (sky130_fd_sc_hd__buf_4)
    10    0.05                           _02013_ (net)
                  0.22    0.00    3.74 ^ _20364_/C (sky130_fd_sc_hd__nand4_2)
                  0.23    0.33    4.07 v _20364_/Y (sky130_fd_sc_hd__nand4_2)
     3    0.01                           _02151_ (net)
                  0.23    0.00    4.07 v _20366_/A2 (sky130_fd_sc_hd__a21o_1)
                  0.09    0.44    4.51 v _20366_/X (sky130_fd_sc_hd__a21o_1)
     2    0.01                           _02153_ (net)
                  0.09    0.00    4.51 v _20369_/A2 (sky130_fd_sc_hd__a21o_1)
                  0.14    0.43    4.95 v _20369_/X (sky130_fd_sc_hd__a21o_1)
     3    0.01                           _02156_ (net)
                  0.14    0.00    4.95 v _20415_/A2 (sky130_fd_sc_hd__a21bo_1)
                  0.08    0.40    5.35 v _20415_/X (sky130_fd_sc_hd__a21bo_1)
     2    0.00                           _02201_ (net)
                  0.08    0.00    5.35 v _20416_/C (sky130_fd_sc_hd__and3_1)
                  0.17    0.50    5.85 v _20416_/X (sky130_fd_sc_hd__and3_1)
     5    0.02                           _02202_ (net)
                  0.17    0.00    5.85 v _20418_/B (sky130_fd_sc_hd__or3_1)
                  0.19    0.96    6.81 v _20418_/X (sky130_fd_sc_hd__or3_1)
     2    0.01                           _02204_ (net)
                  0.19    0.00    6.81 v _20421_/A1 (sky130_fd_sc_hd__a211o_1)
                  0.13    0.62    7.43 v _20421_/X (sky130_fd_sc_hd__a211o_1)
     2    0.01                           _02207_ (net)
                  0.13    0.00    7.43 v _20423_/A2 (sky130_fd_sc_hd__a211o_1)
                  0.14    0.66    8.09 v _20423_/X (sky130_fd_sc_hd__a211o_1)
     2    0.01                           _02209_ (net)
                  0.14    0.00    8.09 v _20425_/A2 (sky130_fd_sc_hd__a211o_1)
                  0.13    0.65    8.73 v _20425_/X (sky130_fd_sc_hd__a211o_1)
     3    0.01                           _02211_ (net)
                  0.13    0.00    8.73 v _20426_/C (sky130_fd_sc_hd__and3_1)
                  0.09    0.43    9.17 v _20426_/X (sky130_fd_sc_hd__and3_1)
     2    0.01                           _02212_ (net)
                  0.09    0.00    9.17 v _20430_/A (sky130_fd_sc_hd__or3b_1)
                  0.18    0.97   10.14 v _20430_/X (sky130_fd_sc_hd__or3b_1)
     2    0.01                           _02216_ (net)
                  0.18    0.00   10.14 v _20435_/C1 (sky130_fd_sc_hd__o221a_1)
                  0.16    0.35   10.49 v _20435_/X (sky130_fd_sc_hd__o221a_1)
     2    0.01                           _02220_ (net)
                  0.16    0.00   10.49 v _20607_/A2 (sky130_fd_sc_hd__o41a_1)
                  0.23    0.99   11.48 v _20607_/X (sky130_fd_sc_hd__o41a_1)
     2    0.02                           _02388_ (net)
                  0.23    0.00   11.48 v _20761_/A2 (sky130_fd_sc_hd__a21oi_2)
                  0.20    0.35   11.83 ^ _20761_/Y (sky130_fd_sc_hd__a21oi_2)
     2    0.01                           _02538_ (net)
                  0.20    0.00   11.83 ^ _20943_/A1 (sky130_fd_sc_hd__o311a_1)
                  0.23    0.55   12.38 ^ _20943_/X (sky130_fd_sc_hd__o311a_1)
     2    0.01                           _02712_ (net)
                  0.23    0.00   12.38 ^ _21042_/A2 (sky130_fd_sc_hd__o31ai_2)
                  0.12    0.22   12.60 v _21042_/Y (sky130_fd_sc_hd__o31ai_2)
     2    0.01                           _02807_ (net)
                  0.12    0.00   12.60 v _21062_/A1 (sky130_fd_sc_hd__a21oi_2)
                  0.47    0.50   13.10 ^ _21062_/Y (sky130_fd_sc_hd__a21oi_2)
     4    0.02                           _02827_ (net)
                  0.47    0.00   13.10 ^ _21086_/A (sky130_fd_sc_hd__nor2_1)
                  0.13    0.27   13.37 v _21086_/Y (sky130_fd_sc_hd__nor2_1)
     1    0.01                           _02849_ (net)
                  0.13    0.00   13.37 v _21087_/B1 (sky130_fd_sc_hd__o21a_1)
                  0.12    0.28   13.65 v _21087_/X (sky130_fd_sc_hd__o21a_1)
     2    0.01                           _02850_ (net)
                  0.12    0.00   13.66 v _21098_/A (sky130_fd_sc_hd__xnor2_1)
                  0.10    0.26   13.91 v _21098_/Y (sky130_fd_sc_hd__xnor2_1)
     1    0.00                           _02860_ (net)
                  0.10    0.00   13.91 v _21100_/A2 (sky130_fd_sc_hd__a211oi_1)
                  0.30    0.42   14.33 ^ _21100_/Y (sky130_fd_sc_hd__a211oi_1)
     1    0.00                           _00805_ (net)
                  0.30    0.00   14.33 ^ _24272_/D (sky130_fd_sc_hd__dfxtp_1)
                                 14.33   data arrival time

                         10.00   10.00   clock clk (rise edge)
                          0.00   10.00   clock source latency
                  0.66    0.44   10.44 ^ clk (in)
     2    0.09                           clk (net)
                  0.66    0.00   10.44 ^ clkbuf_0_clk/A (sky130_fd_sc_hd__clkbuf_16)
                  0.24    0.58   11.02 ^ clkbuf_0_clk/X (sky130_fd_sc_hd__clkbuf_16)
     4    0.14                           clknet_0_clk (net)
                  0.24    0.00   11.02 ^ clkbuf_2_2_0_clk/A (sky130_fd_sc_hd__clkbuf_8)
                  0.22    0.40   11.42 ^ clkbuf_2_2_0_clk/X (sky130_fd_sc_hd__clkbuf_8)
     4    0.08                           clknet_2_2_0_clk (net)
                  0.22    0.00   11.43 ^ clkbuf_4_8__f_clk/A (sky130_fd_sc_hd__clkbuf_16)
                  0.20    0.38   11.80 ^ clkbuf_4_8__f_clk/X (sky130_fd_sc_hd__clkbuf_16)
     8    0.11                           clknet_4_8__leaf_clk (net)
                  0.20    0.01   11.81 ^ clkbuf_leaf_97_clk/A (sky130_fd_sc_hd__clkbuf_16)
                  0.07    0.27   12.07 ^ clkbuf_leaf_97_clk/X (sky130_fd_sc_hd__clkbuf_16)
     6    0.02                           clknet_leaf_97_clk (net)
                  0.07    0.00   12.07 ^ _24272_/CLK (sky130_fd_sc_hd__dfxtp_1)
                         -0.25   11.82   clock uncertainty
                          0.11   11.93   clock reconvergence pessimism
                         -0.19   11.74   library setup time
                                 11.74   data required time
-----------------------------------------------------------------------------
                                 11.74   data required time
                                -14.33   data arrival time
-----------------------------------------------------------------------------
                                 -2.59   slack (VIOLATED)



======================= Typical Corner ===================================

Startpoint: load_weight (input port clocked by clk)
Endpoint: _24054_ (rising edge-triggered flip-flop clocked by clk)
Path Group: clk
Path Type: max
Corner: Typical

Fanout     Cap    Slew   Delay    Time   Description
-----------------------------------------------------------------------------
                          0.00    0.00   clock clk (rise edge)
                          0.00    0.00   clock network delay (propagated)
                          2.00    2.00 ^ input external delay
                  0.05    0.04    2.04 ^ load_weight (in)
     1    0.01                           load_weight (net)
                  0.05    0.00    2.04 ^ input34/A (sky130_fd_sc_hd__buf_12)
                  0.06    0.12    2.16 ^ input34/X (sky130_fd_sc_hd__buf_12)
     4    0.04                           net34 (net)
                  0.06    0.01    2.17 ^ _12438_/A (sky130_fd_sc_hd__buf_8)
                  0.06    0.12    2.29 ^ _12438_/X (sky130_fd_sc_hd__buf_8)
     6    0.03                           _05265_ (net)
                  0.06    0.00    2.29 ^ rebuffer4/A (sky130_fd_sc_hd__clkbuf_2)
                  0.09    0.15    2.44 ^ rebuffer4/X (sky130_fd_sc_hd__clkbuf_2)
     2    0.02                           net186 (net)
                  0.09    0.00    2.44 ^ _12439_/A (sky130_fd_sc_hd__buf_6)
                  0.05    0.13    2.57 ^ _12439_/X (sky130_fd_sc_hd__buf_6)
     3    0.02                           _05266_ (net)
                  0.05    0.00    2.57 ^ _16647_/S (sky130_fd_sc_hd__mux2_4)
                  0.09    0.36    2.94 v _16647_/X (sky130_fd_sc_hd__mux2_4)
     6    0.03                           _09214_ (net)
                  0.09    0.00    2.94 v rebuffer21/A (sky130_fd_sc_hd__buf_6)
                  0.03    0.15    3.09 v rebuffer21/X (sky130_fd_sc_hd__buf_6)
     4    0.02                           net203 (net)
                  0.03    0.00    3.09 v _16952_/A2 (sky130_fd_sc_hd__a22o_1)
                  0.06    0.25    3.34 v _16952_/X (sky130_fd_sc_hd__a22o_1)
     2    0.01                           _09507_ (net)
                  0.06    0.00    3.34 v _16953_/B1_N (sky130_fd_sc_hd__a21bo_1)
                  0.10    0.23    3.57 ^ _16953_/X (sky130_fd_sc_hd__a21bo_1)
     1    0.01                           _09508_ (net)
                  0.10    0.00    3.57 ^ _16954_/B (sky130_fd_sc_hd__xor2_2)
                  0.16    0.19    3.76 ^ _16954_/X (sky130_fd_sc_hd__xor2_2)
     3    0.01                           _09509_ (net)
                  0.16    0.00    3.76 ^ _16964_/B1 (sky130_fd_sc_hd__a21o_1)
                  0.07    0.13    3.90 ^ _16964_/X (sky130_fd_sc_hd__a21o_1)
     2    0.01                           _09519_ (net)
                  0.07    0.00    3.90 ^ rebuffer19/A (sky130_fd_sc_hd__clkbuf_1)
                  0.12    0.15    4.04 ^ rebuffer19/X (sky130_fd_sc_hd__clkbuf_1)
     1    0.01                           net201 (net)
                  0.12    0.00    4.04 ^ _16966_/B (sky130_fd_sc_hd__nand3_4)
                  0.09    0.12    4.16 v _16966_/Y (sky130_fd_sc_hd__nand3_4)
     5    0.02                           _09521_ (net)
                  0.09    0.00    4.16 v _16968_/B (sky130_fd_sc_hd__and3_1)
                  0.06    0.21    4.37 v _16968_/X (sky130_fd_sc_hd__and3_1)
     2    0.01                           _09523_ (net)
                  0.06    0.00    4.37 v _16970_/B1 (sky130_fd_sc_hd__a211o_1)
                  0.07    0.31    4.69 v _16970_/X (sky130_fd_sc_hd__a211o_1)
     3    0.01                           _09525_ (net)
                  0.07    0.00    4.69 v _16972_/B (sky130_fd_sc_hd__and3_1)
                  0.06    0.20    4.89 v _16972_/X (sky130_fd_sc_hd__and3_1)
     2    0.01                           _09527_ (net)
                  0.06    0.00    4.89 v _16975_/A1 (sky130_fd_sc_hd__o211a_1)
                  0.04    0.24    5.13 v _16975_/X (sky130_fd_sc_hd__o211a_1)
     1    0.00                           _09530_ (net)
                  0.04    0.00    5.13 v _16976_/B (sky130_fd_sc_hd__or2_4)
                  0.05    0.25    5.37 v _16976_/X (sky130_fd_sc_hd__or2_4)
     2    0.01                           _09531_ (net)
                  0.05    0.00    5.37 v _16977_/B (sky130_fd_sc_hd__xnor2_2)
                  0.07    0.16    5.53 v _16977_/Y (sky130_fd_sc_hd__xnor2_2)
     4    0.01                           _09532_ (net)
                  0.07    0.00    5.53 v _17027_/C (sky130_fd_sc_hd__or4b_4)
                  0.09    0.52    6.05 v _17027_/X (sky130_fd_sc_hd__or4b_4)
     1    0.01                           _09580_ (net)
                  0.09    0.00    6.05 v _17030_/B1 (sky130_fd_sc_hd__o221a_4)
                  0.07    0.30    6.35 v _17030_/X (sky130_fd_sc_hd__o221a_4)
     4    0.03                           _09583_ (net)
                  0.07    0.00    6.36 v _17172_/A1 (sky130_fd_sc_hd__o311a_4)
                  0.09    0.45    6.81 v _17172_/X (sky130_fd_sc_hd__o311a_4)
     5    0.03                           _09721_ (net)
                  0.09    0.00    6.81 v _17351_/A1 (sky130_fd_sc_hd__o31ai_4)
                  0.28    0.36    7.16 ^ _17351_/Y (sky130_fd_sc_hd__o31ai_4)
     4    0.02                           _09892_ (net)
                  0.28    0.00    7.17 ^ _17453_/A1 (sky130_fd_sc_hd__a21oi_2)
                  0.09    0.12    7.29 v _17453_/Y (sky130_fd_sc_hd__a21oi_2)
     3    0.01                           _09990_ (net)
                  0.09    0.00    7.29 v _17474_/A (sky130_fd_sc_hd__and4_1)
                  0.06    0.19    7.48 v _17474_/X (sky130_fd_sc_hd__and4_1)
     2    0.01                           _10010_ (net)
                  0.06    0.00    7.48 v _17477_/A1 (sky130_fd_sc_hd__mux2_2)
                  0.05    0.28    7.77 v _17477_/X (sky130_fd_sc_hd__mux2_2)
     1    0.00                           _10012_ (net)
                  0.05    0.00    7.77 v _17478_/B (sky130_fd_sc_hd__and2_4)
                  0.03    0.16    7.93 v _17478_/X (sky130_fd_sc_hd__and2_4)
     1    0.00                           _10013_ (net)
                  0.03    0.00    7.93 v _17479_/A (sky130_fd_sc_hd__clkbuf_1)
                  0.03    0.09    8.02 v _17479_/X (sky130_fd_sc_hd__clkbuf_1)
     1    0.00                           _00587_ (net)
                  0.03    0.00    8.02 v _24054_/D (sky130_fd_sc_hd__dfxtp_1)
                                  8.02   data arrival time

                         10.00   10.00   clock clk (rise edge)
                          0.00   10.00   clock source latency
                  0.42    0.28   10.28 ^ clk (in)
     2    0.09                           clk (net)
                  0.42    0.00   10.28 ^ clkbuf_0_clk/A (sky130_fd_sc_hd__clkbuf_16)
                  0.16    0.30   10.58 ^ clkbuf_0_clk/X (sky130_fd_sc_hd__clkbuf_16)
     4    0.14                           clknet_0_clk (net)
                  0.16    0.00   10.58 ^ clkbuf_2_1_0_clk/A (sky130_fd_sc_hd__clkbuf_8)
                  0.15    0.23   10.81 ^ clkbuf_2_1_0_clk/X (sky130_fd_sc_hd__clkbuf_8)
     4    0.08                           clknet_2_1_0_clk (net)
                  0.15    0.00   10.82 ^ clkbuf_4_7__f_clk/A (sky130_fd_sc_hd__clkbuf_16)
                  0.14    0.23   11.04 ^ clkbuf_4_7__f_clk/X (sky130_fd_sc_hd__clkbuf_16)
    10    0.13                           clknet_4_7__leaf_clk (net)
                  0.14    0.01   11.05 ^ clkbuf_leaf_34_clk/A (sky130_fd_sc_hd__clkbuf_16)
                  0.05    0.16   11.21 ^ clkbuf_leaf_34_clk/X (sky130_fd_sc_hd__clkbuf_16)
     9    0.03                           clknet_leaf_34_clk (net)
                  0.05    0.00   11.21 ^ _24054_/CLK (sky130_fd_sc_hd__dfxtp_1)
                         -0.25   10.96   clock uncertainty
                          0.00   10.96   clock reconvergence pessimism
                         -0.10   10.85   library setup time
                                 10.85   data required time
-----------------------------------------------------------------------------
                                 10.85   data required time
                                 -8.02   data arrival time
-----------------------------------------------------------------------------
                                  2.84   slack (MET)




===========================================================================
report_checks --slack_max -0.01
============================================================================
======================= Fastest Corner ===================================

No paths found.

======================= Slowest Corner ===================================

Startpoint: _24236_ (rising edge-triggered flip-flop clocked by clk)
Endpoint: _24272_ (rising edge-triggered flip-flop clocked by clk)
Path Group: clk
Path Type: max
Corner: Slowest

Fanout     Cap    Slew   Delay    Time   Description
-----------------------------------------------------------------------------
                          0.00    0.00   clock clk (rise edge)
                          0.00    0.00   clock source latency
                  0.66    0.49    0.49 ^ clk (in)
     2    0.09                           clk (net)
                  0.66    0.00    0.49 ^ clkbuf_0_clk/A (sky130_fd_sc_hd__clkbuf_16)
                  0.24    0.64    1.13 ^ clkbuf_0_clk/X (sky130_fd_sc_hd__clkbuf_16)
     4    0.14                           clknet_0_clk (net)
                  0.24    0.00    1.13 ^ clkbuf_2_0_0_clk/A (sky130_fd_sc_hd__clkbuf_8)
                  0.25    0.47    1.60 ^ clkbuf_2_0_0_clk/X (sky130_fd_sc_hd__clkbuf_8)
     4    0.09                           clknet_2_0_0_clk (net)
                  0.25    0.00    1.60 ^ clkbuf_4_3__f_clk/A (sky130_fd_sc_hd__clkbuf_16)
                  0.26    0.48    2.09 ^ clkbuf_4_3__f_clk/X (sky130_fd_sc_hd__clkbuf_16)
    11    0.16                           clknet_4_3__leaf_clk (net)
                  0.26    0.00    2.09 ^ clkbuf_leaf_113_clk/A (sky130_fd_sc_hd__clkbuf_16)
                  0.09    0.34    2.44 ^ clkbuf_leaf_113_clk/X (sky130_fd_sc_hd__clkbuf_16)
    12    0.04                           clknet_leaf_113_clk (net)
                  0.09    0.00    2.44 ^ _24236_/CLK (sky130_fd_sc_hd__dfxtp_4)
                  0.24    0.89    3.32 ^ _24236_/Q (sky130_fd_sc_hd__dfxtp_4)
    10    0.05                           top_inst.grid_inst.rows[3].cols[1].pe_inst.weight_reg[3] (net)
                  0.24    0.00    3.32 ^ _20215_/A (sky130_fd_sc_hd__buf_4)
                  0.22    0.41    3.74 ^ _20215_/X (sky130_fd_sc_hd__buf_4)
    10    0.05                           _02013_ (net)
                  0.22    0.00    3.74 ^ _20364_/C (sky130_fd_sc_hd__nand4_2)
                  0.23    0.33    4.07 v _20364_/Y (sky130_fd_sc_hd__nand4_2)
     3    0.01                           _02151_ (net)
                  0.23    0.00    4.07 v _20366_/A2 (sky130_fd_sc_hd__a21o_1)
                  0.09    0.44    4.51 v _20366_/X (sky130_fd_sc_hd__a21o_1)
     2    0.01                           _02153_ (net)
                  0.09    0.00    4.51 v _20369_/A2 (sky130_fd_sc_hd__a21o_1)
                  0.14    0.43    4.95 v _20369_/X (sky130_fd_sc_hd__a21o_1)
     3    0.01                           _02156_ (net)
                  0.14    0.00    4.95 v _20415_/A2 (sky130_fd_sc_hd__a21bo_1)
                  0.08    0.40    5.35 v _20415_/X (sky130_fd_sc_hd__a21bo_1)
     2    0.00                           _02201_ (net)
                  0.08    0.00    5.35 v _20416_/C (sky130_fd_sc_hd__and3_1)
                  0.17    0.50    5.85 v _20416_/X (sky130_fd_sc_hd__and3_1)
     5    0.02                           _02202_ (net)
                  0.17    0.00    5.85 v _20418_/B (sky130_fd_sc_hd__or3_1)
                  0.19    0.96    6.81 v _20418_/X (sky130_fd_sc_hd__or3_1)
     2    0.01                           _02204_ (net)
                  0.19    0.00    6.81 v _20421_/A1 (sky130_fd_sc_hd__a211o_1)
                  0.13    0.62    7.43 v _20421_/X (sky130_fd_sc_hd__a211o_1)
     2    0.01                           _02207_ (net)
                  0.13    0.00    7.43 v _20423_/A2 (sky130_fd_sc_hd__a211o_1)
                  0.14    0.66    8.09 v _20423_/X (sky130_fd_sc_hd__a211o_1)
     2    0.01                           _02209_ (net)
                  0.14    0.00    8.09 v _20425_/A2 (sky130_fd_sc_hd__a211o_1)
                  0.13    0.65    8.73 v _20425_/X (sky130_fd_sc_hd__a211o_1)
     3    0.01                           _02211_ (net)
                  0.13    0.00    8.73 v _20426_/C (sky130_fd_sc_hd__and3_1)
                  0.09    0.43    9.17 v _20426_/X (sky130_fd_sc_hd__and3_1)
     2    0.01                           _02212_ (net)
                  0.09    0.00    9.17 v _20430_/A (sky130_fd_sc_hd__or3b_1)
                  0.18    0.97   10.14 v _20430_/X (sky130_fd_sc_hd__or3b_1)
     2    0.01                           _02216_ (net)
                  0.18    0.00   10.14 v _20435_/C1 (sky130_fd_sc_hd__o221a_1)
                  0.16    0.35   10.49 v _20435_/X (sky130_fd_sc_hd__o221a_1)
     2    0.01                           _02220_ (net)
                  0.16    0.00   10.49 v _20607_/A2 (sky130_fd_sc_hd__o41a_1)
                  0.23    0.99   11.48 v _20607_/X (sky130_fd_sc_hd__o41a_1)
     2    0.02                           _02388_ (net)
                  0.23    0.00   11.48 v _20761_/A2 (sky130_fd_sc_hd__a21oi_2)
                  0.20    0.35   11.83 ^ _20761_/Y (sky130_fd_sc_hd__a21oi_2)
     2    0.01                           _02538_ (net)
                  0.20    0.00   11.83 ^ _20943_/A1 (sky130_fd_sc_hd__o311a_1)
                  0.23    0.55   12.38 ^ _20943_/X (sky130_fd_sc_hd__o311a_1)
     2    0.01                           _02712_ (net)
                  0.23    0.00   12.38 ^ _21042_/A2 (sky130_fd_sc_hd__o31ai_2)
                  0.12    0.22   12.60 v _21042_/Y (sky130_fd_sc_hd__o31ai_2)
     2    0.01                           _02807_ (net)
                  0.12    0.00   12.60 v _21062_/A1 (sky130_fd_sc_hd__a21oi_2)
                  0.47    0.50   13.10 ^ _21062_/Y (sky130_fd_sc_hd__a21oi_2)
     4    0.02                           _02827_ (net)
                  0.47    0.00   13.10 ^ _21086_/A (sky130_fd_sc_hd__nor2_1)
                  0.13    0.27   13.37 v _21086_/Y (sky130_fd_sc_hd__nor2_1)
     1    0.01                           _02849_ (net)
                  0.13    0.00   13.37 v _21087_/B1 (sky130_fd_sc_hd__o21a_1)
                  0.12    0.28   13.65 v _21087_/X (sky130_fd_sc_hd__o21a_1)
     2    0.01                           _02850_ (net)
                  0.12    0.00   13.66 v _21098_/A (sky130_fd_sc_hd__xnor2_1)
                  0.10    0.26   13.91 v _21098_/Y (sky130_fd_sc_hd__xnor2_1)
     1    0.00                           _02860_ (net)
                  0.10    0.00   13.91 v _21100_/A2 (sky130_fd_sc_hd__a211oi_1)
                  0.30    0.42   14.33 ^ _21100_/Y (sky130_fd_sc_hd__a211oi_1)
     1    0.00                           _00805_ (net)
                  0.30    0.00   14.33 ^ _24272_/D (sky130_fd_sc_hd__dfxtp_1)
                                 14.33   data arrival time

                         10.00   10.00   clock clk (rise edge)
                          0.00   10.00   clock source latency
                  0.66    0.44   10.44 ^ clk (in)
     2    0.09                           clk (net)
                  0.66    0.00   10.44 ^ clkbuf_0_clk/A (sky130_fd_sc_hd__clkbuf_16)
                  0.24    0.58   11.02 ^ clkbuf_0_clk/X (sky130_fd_sc_hd__clkbuf_16)
     4    0.14                           clknet_0_clk (net)
                  0.24    0.00   11.02 ^ clkbuf_2_2_0_clk/A (sky130_fd_sc_hd__clkbuf_8)
                  0.22    0.40   11.42 ^ clkbuf_2_2_0_clk/X (sky130_fd_sc_hd__clkbuf_8)
     4    0.08                           clknet_2_2_0_clk (net)
                  0.22    0.00   11.43 ^ clkbuf_4_8__f_clk/A (sky130_fd_sc_hd__clkbuf_16)
                  0.20    0.38   11.80 ^ clkbuf_4_8__f_clk/X (sky130_fd_sc_hd__clkbuf_16)
     8    0.11                           clknet_4_8__leaf_clk (net)
                  0.20    0.01   11.81 ^ clkbuf_leaf_97_clk/A (sky130_fd_sc_hd__clkbuf_16)
                  0.07    0.27   12.07 ^ clkbuf_leaf_97_clk/X (sky130_fd_sc_hd__clkbuf_16)
     6    0.02                           clknet_leaf_97_clk (net)
                  0.07    0.00   12.07 ^ _24272_/CLK (sky130_fd_sc_hd__dfxtp_1)
                         -0.25   11.82   clock uncertainty
                          0.11   11.93   clock reconvergence pessimism
                         -0.19   11.74   library setup time
                                 11.74   data required time
-----------------------------------------------------------------------------
                                 11.74   data required time
                                -14.33   data arrival time
-----------------------------------------------------------------------------
                                 -2.59   slack (VIOLATED)



======================= Typical Corner ===================================

No paths found.


===========================================================================
 report_check_types -max_slew -max_cap -max_fanout -violators
============================================================================
======================= Fastest Corner ===================================

max fanout

Pin                                   Limit Fanout  Slack
---------------------------------------------------------
clkbuf_leaf_100_clk/X                    10     20    -10 (VIOLATED)
_12448_/X                                10     18     -8 (VIOLATED)
clkbuf_leaf_102_clk/X                    10     18     -8 (VIOLATED)
clkbuf_leaf_125_clk/X                    10     18     -8 (VIOLATED)
clkbuf_leaf_137_clk/X                    10     18     -8 (VIOLATED)
clkbuf_leaf_38_clk/X                     10     18     -8 (VIOLATED)
clkbuf_leaf_103_clk/X                    10     17     -7 (VIOLATED)
clkbuf_leaf_135_clk/X                    10     17     -7 (VIOLATED)
clkbuf_leaf_128_clk/X                    10     16     -6 (VIOLATED)
clkbuf_leaf_132_clk/X                    10     16     -6 (VIOLATED)
_12494_/X                                10     15     -5 (VIOLATED)
clkbuf_leaf_116_clk/X                    10     15     -5 (VIOLATED)
clkbuf_leaf_140_clk/X                    10     15     -5 (VIOLATED)
clkbuf_leaf_138_clk/X                    10     14     -4 (VIOLATED)
clkbuf_leaf_139_clk/X                    10     14     -4 (VIOLATED)
clkbuf_leaf_55_clk/X                     10     14     -4 (VIOLATED)
_20937_/X                                10     13     -3 (VIOLATED)
clkbuf_4_0__f_clk/X                      10     13     -3 (VIOLATED)
clkbuf_4_2__f_clk/X                      10     13     -3 (VIOLATED)
clkbuf_leaf_118_clk/X                    10     13     -3 (VIOLATED)
clkbuf_leaf_120_clk/X                    10     13     -3 (VIOLATED)
clkbuf_leaf_21_clk/X                     10     13     -3 (VIOLATED)
clkbuf_leaf_23_clk/X                     10     13     -3 (VIOLATED)
clkbuf_leaf_39_clk/X                     10     13     -3 (VIOLATED)
clkbuf_leaf_54_clk/X                     10     13     -3 (VIOLATED)
clkbuf_leaf_57_clk/X                     10     13     -3 (VIOLATED)
clkbuf_leaf_63_clk/X                     10     13     -3 (VIOLATED)
clkbuf_leaf_87_clk/X                     10     13     -3 (VIOLATED)
clkbuf_leaf_113_clk/X                    10     12     -2 (VIOLATED)
clkbuf_leaf_117_clk/X                    10     12     -2 (VIOLATED)
clkbuf_leaf_122_clk/X                    10     12     -2 (VIOLATED)
clkbuf_leaf_127_clk/X                    10     12     -2 (VIOLATED)
clkbuf_leaf_24_clk/X                     10     12     -2 (VIOLATED)
clkbuf_leaf_47_clk/X                     10     12     -2 (VIOLATED)
clkbuf_leaf_64_clk/X                     10     12     -2 (VIOLATED)
clkbuf_leaf_77_clk/X                     10     12     -2 (VIOLATED)
clkbuf_leaf_81_clk/X                     10     12     -2 (VIOLATED)
clkbuf_leaf_93_clk/X                     10     12     -2 (VIOLATED)
_12052_/X                                10     11        (VIOLATED)
_12443_/X                                10     11        (VIOLATED)
_12507_/X                                10     11        (VIOLATED)
_13406_/X                                10     11        (VIOLATED)
_15167_/X                                10     11        (VIOLATED)
_15647_/X                                10     11        (VIOLATED)
_18365_/X                                10     11        (VIOLATED)
_21111_/X                                10     11        (VIOLATED)
_24562_/Q                                10     11        (VIOLATED)
clkbuf_4_3__f_clk/X                      10     11        (VIOLATED)
clkbuf_4_5__f_clk/X                      10     11        (VIOLATED)
clkbuf_leaf_105_clk/X                    10     11        (VIOLATED)
clkbuf_leaf_108_clk/X                    10     11        (VIOLATED)
clkbuf_leaf_110_clk/X                    10     11        (VIOLATED)
clkbuf_leaf_121_clk/X                    10     11        (VIOLATED)
clkbuf_leaf_126_clk/X                    10     11        (VIOLATED)
clkbuf_leaf_16_clk/X                     10     11        (VIOLATED)
clkbuf_leaf_22_clk/X                     10     11        (VIOLATED)
clkbuf_leaf_37_clk/X                     10     11        (VIOLATED)
clkbuf_leaf_9_clk/X                      10     11        (VIOLATED)


======================= Slowest Corner ===================================

max slew

Pin                                    Limit    Slew   Slack
------------------------------------------------------------
_14525_/Y                               0.75    0.87   -0.12 (VIOLATED)
_14526_/D                               0.75    0.87   -0.12 (VIOLATED)
_14527_/B2                              0.75    0.87   -0.12 (VIOLATED)
_20495_/Y                               0.75    0.76   -0.01 (VIOLATED)
_20496_/B                               0.75    0.76   -0.01 (VIOLATED)
_20532_/B                               0.75    0.76   -0.01 (VIOLATED)
max_cap177/A                            0.75    0.76   -0.01 (VIOLATED)

max fanout

Pin                                   Limit Fanout  Slack
---------------------------------------------------------
clkbuf_leaf_100_clk/X                    10     20    -10 (VIOLATED)
_12448_/X                                10     18     -8 (VIOLATED)
clkbuf_leaf_102_clk/X                    10     18     -8 (VIOLATED)
clkbuf_leaf_125_clk/X                    10     18     -8 (VIOLATED)
clkbuf_leaf_137_clk/X                    10     18     -8 (VIOLATED)
clkbuf_leaf_38_clk/X                     10     18     -8 (VIOLATED)
clkbuf_leaf_103_clk/X                    10     17     -7 (VIOLATED)
clkbuf_leaf_135_clk/X                    10     17     -7 (VIOLATED)
clkbuf_leaf_128_clk/X                    10     16     -6 (VIOLATED)
clkbuf_leaf_132_clk/X                    10     16     -6 (VIOLATED)
_12494_/X                                10     15     -5 (VIOLATED)
clkbuf_leaf_116_clk/X                    10     15     -5 (VIOLATED)
clkbuf_leaf_140_clk/X                    10     15     -5 (VIOLATED)
clkbuf_leaf_138_clk/X                    10     14     -4 (VIOLATED)
clkbuf_leaf_139_clk/X                    10     14     -4 (VIOLATED)
clkbuf_leaf_55_clk/X                     10     14     -4 (VIOLATED)
_20937_/X                                10     13     -3 (VIOLATED)
clkbuf_4_0__f_clk/X                      10     13     -3 (VIOLATED)
clkbuf_4_2__f_clk/X                      10     13     -3 (VIOLATED)
clkbuf_leaf_118_clk/X                    10     13     -3 (VIOLATED)
clkbuf_leaf_120_clk/X                    10     13     -3 (VIOLATED)
clkbuf_leaf_21_clk/X                     10     13     -3 (VIOLATED)
clkbuf_leaf_23_clk/X                     10     13     -3 (VIOLATED)
clkbuf_leaf_39_clk/X                     10     13     -3 (VIOLATED)
clkbuf_leaf_54_clk/X                     10     13     -3 (VIOLATED)
clkbuf_leaf_57_clk/X                     10     13     -3 (VIOLATED)
clkbuf_leaf_63_clk/X                     10     13     -3 (VIOLATED)
clkbuf_leaf_87_clk/X                     10     13     -3 (VIOLATED)
clkbuf_leaf_113_clk/X                    10     12     -2 (VIOLATED)
clkbuf_leaf_117_clk/X                    10     12     -2 (VIOLATED)
clkbuf_leaf_122_clk/X                    10     12     -2 (VIOLATED)
clkbuf_leaf_127_clk/X                    10     12     -2 (VIOLATED)
clkbuf_leaf_24_clk/X                     10     12     -2 (VIOLATED)
clkbuf_leaf_47_clk/X                     10     12     -2 (VIOLATED)
clkbuf_leaf_64_clk/X                     10     12     -2 (VIOLATED)
clkbuf_leaf_77_clk/X                     10     12     -2 (VIOLATED)
clkbuf_leaf_81_clk/X                     10     12     -2 (VIOLATED)
clkbuf_leaf_93_clk/X                     10     12     -2 (VIOLATED)
_12052_/X                                10     11        (VIOLATED)
_12443_/X                                10     11        (VIOLATED)
_12507_/X                                10     11        (VIOLATED)
_13406_/X                                10     11        (VIOLATED)
_15167_/X                                10     11        (VIOLATED)
_15647_/X                                10     11        (VIOLATED)
_18365_/X                                10     11        (VIOLATED)
_21111_/X                                10     11        (VIOLATED)
_24562_/Q                                10     11        (VIOLATED)
clkbuf_4_3__f_clk/X                      10     11        (VIOLATED)
clkbuf_4_5__f_clk/X                      10     11        (VIOLATED)
clkbuf_leaf_105_clk/X                    10     11        (VIOLATED)
clkbuf_leaf_108_clk/X                    10     11        (VIOLATED)
clkbuf_leaf_110_clk/X                    10     11        (VIOLATED)
clkbuf_leaf_121_clk/X                    10     11        (VIOLATED)
clkbuf_leaf_126_clk/X                    10     11        (VIOLATED)
clkbuf_leaf_16_clk/X                     10     11        (VIOLATED)
clkbuf_leaf_22_clk/X                     10     11        (VIOLATED)
clkbuf_leaf_37_clk/X                     10     11        (VIOLATED)
clkbuf_leaf_9_clk/X                      10     11        (VIOLATED)


======================= Typical Corner ===================================

max fanout

Pin                                   Limit Fanout  Slack
---------------------------------------------------------
clkbuf_leaf_100_clk/X                    10     20    -10 (VIOLATED)
_12448_/X                                10     18     -8 (VIOLATED)
clkbuf_leaf_102_clk/X                    10     18     -8 (VIOLATED)
clkbuf_leaf_125_clk/X                    10     18     -8 (VIOLATED)
clkbuf_leaf_137_clk/X                    10     18     -8 (VIOLATED)
clkbuf_leaf_38_clk/X                     10     18     -8 (VIOLATED)
clkbuf_leaf_103_clk/X                    10     17     -7 (VIOLATED)
clkbuf_leaf_135_clk/X                    10     17     -7 (VIOLATED)
clkbuf_leaf_128_clk/X                    10     16     -6 (VIOLATED)
clkbuf_leaf_132_clk/X                    10     16     -6 (VIOLATED)
_12494_/X                                10     15     -5 (VIOLATED)
clkbuf_leaf_116_clk/X                    10     15     -5 (VIOLATED)
clkbuf_leaf_140_clk/X                    10     15     -5 (VIOLATED)
clkbuf_leaf_138_clk/X                    10     14     -4 (VIOLATED)
clkbuf_leaf_139_clk/X                    10     14     -4 (VIOLATED)
clkbuf_leaf_55_clk/X                     10     14     -4 (VIOLATED)
_20937_/X                                10     13     -3 (VIOLATED)
clkbuf_4_0__f_clk/X                      10     13     -3 (VIOLATED)
clkbuf_4_2__f_clk/X                      10     13     -3 (VIOLATED)
clkbuf_leaf_118_clk/X                    10     13     -3 (VIOLATED)
clkbuf_leaf_120_clk/X                    10     13     -3 (VIOLATED)
clkbuf_leaf_21_clk/X                     10     13     -3 (VIOLATED)
clkbuf_leaf_23_clk/X                     10     13     -3 (VIOLATED)
clkbuf_leaf_39_clk/X                     10     13     -3 (VIOLATED)
clkbuf_leaf_54_clk/X                     10     13     -3 (VIOLATED)
clkbuf_leaf_57_clk/X                     10     13     -3 (VIOLATED)
clkbuf_leaf_63_clk/X                     10     13     -3 (VIOLATED)
clkbuf_leaf_87_clk/X                     10     13     -3 (VIOLATED)
clkbuf_leaf_113_clk/X                    10     12     -2 (VIOLATED)
clkbuf_leaf_117_clk/X                    10     12     -2 (VIOLATED)
clkbuf_leaf_122_clk/X                    10     12     -2 (VIOLATED)
clkbuf_leaf_127_clk/X                    10     12     -2 (VIOLATED)
clkbuf_leaf_24_clk/X                     10     12     -2 (VIOLATED)
clkbuf_leaf_47_clk/X                     10     12     -2 (VIOLATED)
clkbuf_leaf_64_clk/X                     10     12     -2 (VIOLATED)
clkbuf_leaf_77_clk/X                     10     12     -2 (VIOLATED)
clkbuf_leaf_81_clk/X                     10     12     -2 (VIOLATED)
clkbuf_leaf_93_clk/X                     10     12     -2 (VIOLATED)
_12052_/X                                10     11        (VIOLATED)
_12443_/X                                10     11        (VIOLATED)
_12507_/X                                10     11        (VIOLATED)
_13406_/X                                10     11        (VIOLATED)
_15167_/X                                10     11        (VIOLATED)
_15647_/X                                10     11        (VIOLATED)
_18365_/X                                10     11        (VIOLATED)
_21111_/X                                10     11        (VIOLATED)
_24562_/Q                                10     11        (VIOLATED)
clkbuf_4_3__f_clk/X                      10     11        (VIOLATED)
clkbuf_4_5__f_clk/X                      10     11        (VIOLATED)
clkbuf_leaf_105_clk/X                    10     11        (VIOLATED)
clkbuf_leaf_108_clk/X                    10     11        (VIOLATED)
clkbuf_leaf_110_clk/X                    10     11        (VIOLATED)
clkbuf_leaf_121_clk/X                    10     11        (VIOLATED)
clkbuf_leaf_126_clk/X                    10     11        (VIOLATED)
clkbuf_leaf_16_clk/X                     10     11        (VIOLATED)
clkbuf_leaf_22_clk/X                     10     11        (VIOLATED)
clkbuf_leaf_37_clk/X                     10     11        (VIOLATED)
clkbuf_leaf_9_clk/X                      10     11        (VIOLATED)



===========================================================================
report_parasitic_annotation -report_unannotated
============================================================================
Found 0 unannotated drivers.
Found 0 partially unannotated drivers.

===========================================================================
max slew violation count 7
max fanout violation count 58
max cap violation count 0
============================================================================

===========================================================================
check_setup -verbose -unconstrained_endpoints -multiple_clock -no_clock -no_input_delay -loops -generated_clocks
===========================================================================
