
===========================================================================
 report_power
============================================================================
======================= Fastest Corner ===================================

Group                  Internal  Switching    Leakage      Total
                          Power      Power      Power      Power (Watts)
----------------------------------------------------------------
Sequential             6.15e-03   1.20e-03   1.86e-08   7.35e-03  31.4%
Combinational          7.64e-03   8.40e-03   1.45e-07   1.60e-02  68.6%
Macro                  0.00e+00   0.00e+00   0.00e+00   0.00e+00   0.0%
Pad                    0.00e+00   0.00e+00   0.00e+00   0.00e+00   0.0%
----------------------------------------------------------------
Total                  1.38e-02   9.59e-03   1.64e-07   2.34e-02 100.0%
                          59.0%      41.0%       0.0%

======================= Slowest Corner ===================================

Group                  Internal  Switching    Leakage      Total
                          Power      Power      Power      Power (Watts)
----------------------------------------------------------------
Sequential             4.15e-03   7.97e-04   1.76e-05   4.96e-03  31.0%
Combinational          5.48e-03   5.53e-03   6.25e-05   1.11e-02  69.0%
Macro                  0.00e+00   0.00e+00   0.00e+00   0.00e+00   0.0%
Pad                    0.00e+00   0.00e+00   0.00e+00   0.00e+00   0.0%
----------------------------------------------------------------
Total                  9.63e-03   6.32e-03   8.01e-05   1.60e-02 100.0%
                          60.0%      39.5%       0.5%

======================= Typical Corner ===================================

Group                  Internal  Switching    Leakage      Total
                          Power      Power      Power      Power (Watts)
----------------------------------------------------------------
Sequential             5.31e-03   1.01e-03   9.97e-09   6.33e-03  31.4%
Combinational          6.75e-03   7.09e-03   8.62e-08   1.38e-02  68.6%
Macro                  0.00e+00   0.00e+00   0.00e+00   0.00e+00   0.0%
Pad                    0.00e+00   0.00e+00   0.00e+00   0.00e+00   0.0%
----------------------------------------------------------------
Total                  1.21e-02   8.11e-03   9.62e-08   2.02e-02 100.0%
                          59.8%      40.2%       0.0%

